<?xml version="1.0" encoding="UTF-8"?>
<!-- Generated by org.testng.reporters.JUnitXMLReporter -->
<testsuite ignored="0" hostname="LAPTOP-R176C8G8" failures="0" tests="5" name="Default test" time="0.051" errors="0" timestamp="2022-02-15T19:42:52 IST">
  <testcase classname="qaClickacademy.ecommerce.ClothingTest" name="GentsWear" time="0.005"/>
  <testcase classname="qaClickacademy.ecommerce.ClothingTest" name="KidsWear" time="0.001"/>
  <testcase classname="qaClickacademy.ecommerce.ClothingTest" name="Ladieswear" time="0.001"/>
  <testcase classname="qaClickacademy.ecommerce.Electronics" name="Camera" time="0.001"/>
  <testcase classname="qaClickacademy.ecommerce.Electronics" name="Mobiles" time="0.001"/>
</testsuite> <!-- Default test -->
