<?xml version="1.0" encoding="UTF-8"?>
<!-- Generated by org.testng.reporters.JUnitXMLReporter -->
<testsuite ignored="0" hostname="LAPTOP-R176C8G8" failures="0" tests="3" name="Test" time="0.04" errors="0" timestamp="2022-02-15T20:15:58 IST">
  <testcase classname="qaClickacademy.ecommerce.ClothingTest" name="GentsWear" time="0.005"/>
  <testcase classname="qaClickacademy.ecommerce.ClothingTest" name="KidsWear" time="0.001"/>
  <testcase classname="qaClickacademy.ecommerce.ClothingTest" name="Ladieswear" time="0.002"/>
</testsuite> <!-- Test -->
