<?xml version="1.0" encoding="UTF-8"?>
<!-- Generated by org.testng.reporters.JUnitXMLReporter -->
<testsuite hostname="LAPTOP-R176C8G8" ignored="0" name="Test" tests="3" failures="0" timestamp="2022-02-15T20:20:51 IST" time="0.037" errors="0">
  <testcase name="GentsWear" time="0.004" classname="qaClickacademy.ecommerce.Clothing"/>
  <testcase name="KidsWear" time="0.0" classname="qaClickacademy.ecommerce.Clothing"/>
  <testcase name="Ladieswear" time="0.0" classname="qaClickacademy.ecommerce.Clothing"/>
</testsuite> <!-- Test -->
