<?xml version="1.0" encoding="UTF-8"?>
<testng-results ignored="0" total="3" passed="3" failed="0" skipped="0">
  <reporter-output>
  </reporter-output>
  <suite started-at="2022-02-15T20:15:58 IST" name="Suite" finished-at="2022-02-15T20:15:58 IST" duration-ms="40">
    <groups>
    </groups>
    <test started-at="2022-02-15T20:15:58 IST" name="Test" finished-at="2022-02-15T20:15:58 IST" duration-ms="40">
      <class name="qaClickacademy.ecommerce.ClothingTest">
        <test-method signature="GentsWear()[pri:0, instance:qaClickacademy.ecommerce.ClothingTest@56cdfb3b]" started-at="2022-02-15T20:15:58 IST" name="GentsWear" finished-at="2022-02-15T20:15:58 IST" duration-ms="5" status="PASS">
          <reporter-output>
          </reporter-output>
        </test-method> <!-- GentsWear -->
        <test-method signature="KidsWear()[pri:0, instance:qaClickacademy.ecommerce.ClothingTest@56cdfb3b]" started-at="2022-02-15T20:15:58 IST" name="KidsWear" finished-at="2022-02-15T20:15:58 IST" duration-ms="1" status="PASS">
          <reporter-output>
          </reporter-output>
        </test-method> <!-- KidsWear -->
        <test-method signature="Ladieswear()[pri:0, instance:qaClickacademy.ecommerce.ClothingTest@56cdfb3b]" started-at="2022-02-15T20:15:58 IST" name="Ladieswear" finished-at="2022-02-15T20:15:58 IST" duration-ms="2" status="PASS">
          <reporter-output>
          </reporter-output>
        </test-method> <!-- Ladieswear -->
      </class> <!-- qaClickacademy.ecommerce.ClothingTest -->
    </test> <!-- Test -->
  </suite> <!-- Suite -->
</testng-results>
